<?xml version="1.0" encoding="UTF-8"?>
<testsuite xmlns:xsi="http://www.w3.org/2001/XMLSchema-instance" xsi:noNamespaceSchemaLocation="https://maven.apache.org/surefire/maven-surefire-plugin/xsd/surefire-test-report-3.0.xsd" version="3.0" name="jez04.structure.test.ClassStructureTest" time="0.381" tests="1" errors="0" skipped="0" failures="0">
  <properties>
[...]
</properties>
  <testcase name="test" classname="jez04.structure.test.ClassStructureTest" time="0.367">
    <system-out><![CDATA[add class: lab.App
add class: lab.Collisionable
add class: lab.Config
add class: lab.Difficulty
add class: lab.DrawableSimulable
add class: lab.DrawingThread
add class: lab.Enemy
add class: lab.GameController
add class: lab.GameObject
add class: lab.GameOverListener
add class: lab.Grid
add class: lab.IntroController$1
add class: lab.IntroController
add class: lab.LevelListener
add class: lab.Levels
add class: lab.LevelsController
add class: lab.LivesListener
add class: lab.Player$1
add class: lab.Player
add class: lab.Track$1
add class: lab.Track
21:12:12.356 [main] INFO  org.reflections.Reflections - Reflections took 31 ms to scan 1 urls, producing 7 keys and 24 values
]]></system-out>
  </testcase>
</testsuite>